<?xml version="1.0" encoding="UTF-8"?>
<testng-results ignored="0" total="2" passed="2" failed="0" skipped="0">
  <reporter-output>
  </reporter-output>
  <suite started-at="2023-01-09T18:51:15 IST" name="Default suite" finished-at="2023-01-09T18:53:06 IST" duration-ms="110790">
    <groups>
    </groups>
    <test started-at="2023-01-09T18:51:15 IST" name="Default test" finished-at="2023-01-09T18:53:06 IST" duration-ms="110790">
      <class name="com.app.tests.AppTest">
        <test-method is-config="true" signature="setup()[pri:0, instance:com.app.tests.AppTest@120f102b]" started-at="2023-01-09T18:51:15 IST" name="setup" finished-at="2023-01-09T18:51:20 IST" duration-ms="4943" status="PASS">
          <reporter-output>
          </reporter-output>
        </test-method> <!-- setup -->
        <test-method signature="verifyAddToCartPages()[pri:0, instance:com.app.tests.AppTest@120f102b]" started-at="2023-01-09T18:51:20 IST" name="verifyAddToCartPages" finished-at="2023-01-09T18:52:22 IST" duration-ms="62169" status="PASS">
          <reporter-output>
          </reporter-output>
        </test-method> <!-- verifyAddToCartPages -->
        <test-method is-config="true" signature="close()[pri:0, instance:com.app.tests.AppTest@120f102b]" started-at="2023-01-09T18:52:22 IST" name="close" finished-at="2023-01-09T18:52:23 IST" duration-ms="475" status="PASS">
          <reporter-output>
          </reporter-output>
        </test-method> <!-- close -->
        <test-method is-config="true" signature="setup()[pri:0, instance:com.app.tests.AppTest@120f102b]" started-at="2023-01-09T18:52:23 IST" name="setup" finished-at="2023-01-09T18:52:28 IST" duration-ms="5237" status="PASS">
          <reporter-output>
          </reporter-output>
        </test-method> <!-- setup -->
        <test-method signature="verifyUserNamePage()[pri:0, instance:com.app.tests.AppTest@120f102b]" started-at="2023-01-09T18:52:28 IST" name="verifyUserNamePage" finished-at="2023-01-09T18:53:06 IST" duration-ms="37630" status="PASS">
          <reporter-output>
          </reporter-output>
        </test-method> <!-- verifyUserNamePage -->
        <test-method is-config="true" signature="close()[pri:0, instance:com.app.tests.AppTest@120f102b]" started-at="2023-01-09T18:53:06 IST" name="close" finished-at="2023-01-09T18:53:06 IST" duration-ms="286" status="PASS">
          <reporter-output>
          </reporter-output>
        </test-method> <!-- close -->
      </class> <!-- com.app.tests.AppTest -->
    </test> <!-- Default test -->
  </suite> <!-- Default suite -->
</testng-results>
